<?xml version="1.0" encoding="UTF-8"?>
<testsuite xmlns:xsi="http://www.w3.org/2001/XMLSchema-instance" xsi:noNamespaceSchemaLocation="https://maven.apache.org/surefire/maven-surefire-plugin/xsd/surefire-test-report-3.0.xsd" version="3.0" name="com.spring.ThreadLocalTest" time="0.001" tests="1" errors="0" skipped="0" failures="0">
  <properties>
    <property name="socksProxyHost" value="127.0.0.1"/>
    <property name="http.proxyHost" value="127.0.0.1"/>
    <property name="java.specification.version" value="17"/>
    <property name="sun.jnu.encoding" value="UTF-8"/>
    <property name="java.class.path" value="/Users/xiuzheng/IdeaProjects/web-all/big-event/target/test-classes:/Users/xiuzheng/IdeaProjects/web-all/big-event/target/classes:/Users/xiuzheng/Documents/mvn_localrepo/org/springframework/boot/spring-boot-starter-web/3.1.3/spring-boot-starter-web-3.1.3.jar:/Users/xiuzheng/Documents/mvn_localrepo/org/springframework/boot/spring-boot-starter/3.1.3/spring-boot-starter-3.1.3.jar:/Users/xiuzheng/Documents/mvn_localrepo/org/springframework/boot/spring-boot/3.1.3/spring-boot-3.1.3.jar:/Users/xiuzheng/Documents/mvn_localrepo/org/springframework/boot/spring-boot-autoconfigure/3.1.3/spring-boot-autoconfigure-3.1.3.jar:/Users/xiuzheng/Documents/mvn_localrepo/org/springframework/boot/spring-boot-starter-logging/3.1.3/spring-boot-starter-logging-3.1.3.jar:/Users/xiuzheng/Documents/mvn_localrepo/ch/qos/logback/logback-classic/1.4.11/logback-classic-1.4.11.jar:/Users/xiuzheng/Documents/mvn_localrepo/ch/qos/logback/logback-core/1.4.11/logback-core-1.4.11.jar:/Users/xiuzheng/Documents/mvn_localrepo/org/apache/logging/log4j/log4j-to-slf4j/2.20.0/log4j-to-slf4j-2.20.0.jar:/Users/xiuzheng/Documents/mvn_localrepo/org/apache/logging/log4j/log4j-api/2.20.0/log4j-api-2.20.0.jar:/Users/xiuzheng/Documents/mvn_localrepo/org/slf4j/jul-to-slf4j/2.0.7/jul-to-slf4j-2.0.7.jar:/Users/xiuzheng/Documents/mvn_localrepo/jakarta/annotation/jakarta.annotation-api/2.1.1/jakarta.annotation-api-2.1.1.jar:/Users/xiuzheng/Documents/mvn_localrepo/org/yaml/snakeyaml/1.33/snakeyaml-1.33.jar:/Users/xiuzheng/Documents/mvn_localrepo/org/springframework/boot/spring-boot-starter-json/3.1.3/spring-boot-starter-json-3.1.3.jar:/Users/xiuzheng/Documents/mvn_localrepo/com/fasterxml/jackson/datatype/jackson-datatype-jdk8/2.15.2/jackson-datatype-jdk8-2.15.2.jar:/Users/xiuzheng/Documents/mvn_localrepo/com/fasterxml/jackson/datatype/jackson-datatype-jsr310/2.15.2/jackson-datatype-jsr310-2.15.2.jar:/Users/xiuzheng/Documents/mvn_localrepo/com/fasterxml/jackson/module/jackson-module-parameter-names/2.15.2/jackson-module-parameter-names-2.15.2.jar:/Users/xiuzheng/Documents/mvn_localrepo/org/springframework/boot/spring-boot-starter-tomcat/3.1.3/spring-boot-starter-tomcat-3.1.3.jar:/Users/xiuzheng/Documents/mvn_localrepo/org/apache/tomcat/embed/tomcat-embed-core/10.1.12/tomcat-embed-core-10.1.12.jar:/Users/xiuzheng/Documents/mvn_localrepo/org/apache/tomcat/embed/tomcat-embed-websocket/10.1.12/tomcat-embed-websocket-10.1.12.jar:/Users/xiuzheng/Documents/mvn_localrepo/org/springframework/spring-web/6.0.11/spring-web-6.0.11.jar:/Users/xiuzheng/Documents/mvn_localrepo/org/springframework/spring-beans/6.0.11/spring-beans-6.0.11.jar:/Users/xiuzheng/Documents/mvn_localrepo/io/micrometer/micrometer-observation/1.11.3/micrometer-observation-1.11.3.jar:/Users/xiuzheng/Documents/mvn_localrepo/io/micrometer/micrometer-commons/1.11.3/micrometer-commons-1.11.3.jar:/Users/xiuzheng/Documents/mvn_localrepo/org/springframework/spring-webmvc/6.0.11/spring-webmvc-6.0.11.jar:/Users/xiuzheng/Documents/mvn_localrepo/org/springframework/spring-aop/6.0.11/spring-aop-6.0.11.jar:/Users/xiuzheng/Documents/mvn_localrepo/org/springframework/spring-context/6.0.11/spring-context-6.0.11.jar:/Users/xiuzheng/Documents/mvn_localrepo/org/springframework/spring-expression/6.0.11/spring-expression-6.0.11.jar:/Users/xiuzheng/Documents/mvn_localrepo/org/mybatis/spring/boot/mybatis-spring-boot-starter/3.0.0/mybatis-spring-boot-starter-3.0.0.jar:/Users/xiuzheng/Documents/mvn_localrepo/org/springframework/boot/spring-boot-starter-jdbc/3.1.3/spring-boot-starter-jdbc-3.1.3.jar:/Users/xiuzheng/Documents/mvn_localrepo/com/zaxxer/HikariCP/5.0.1/HikariCP-5.0.1.jar:/Users/xiuzheng/Documents/mvn_localrepo/org/springframework/spring-jdbc/6.0.11/spring-jdbc-6.0.11.jar:/Users/xiuzheng/Documents/mvn_localrepo/org/mybatis/spring/boot/mybatis-spring-boot-autoconfigure/3.0.0/mybatis-spring-boot-autoconfigure-3.0.0.jar:/Users/xiuzheng/Documents/mvn_localrepo/org/mybatis/mybatis/3.5.11/mybatis-3.5.11.jar:/Users/xiuzheng/Documents/mvn_localrepo/org/mybatis/mybatis-spring/3.0.0/mybatis-spring-3.0.0.jar:/Users/xiuzheng/Documents/mvn_localrepo/com/mysql/mysql-connector-j/8.0.33/mysql-connector-j-8.0.33.jar:/Users/xiuzheng/Documents/mvn_localrepo/org/projectlombok/lombok/1.18.28/lombok-1.18.28.jar:/Users/xiuzheng/Documents/mvn_localrepo/org/springframework/boot/spring-boot-starter-validation/3.1.3/spring-boot-starter-validation-3.1.3.jar:/Users/xiuzheng/Documents/mvn_localrepo/org/apache/tomcat/embed/tomcat-embed-el/10.1.12/tomcat-embed-el-10.1.12.jar:/Users/xiuzheng/Documents/mvn_localrepo/org/hibernate/validator/hibernate-validator/8.0.1.Final/hibernate-validator-8.0.1.Final.jar:/Users/xiuzheng/Documents/mvn_localrepo/jakarta/validation/jakarta.validation-api/3.0.2/jakarta.validation-api-3.0.2.jar:/Users/xiuzheng/Documents/mvn_localrepo/org/jboss/logging/jboss-logging/3.5.3.Final/jboss-logging-3.5.3.Final.jar:/Users/xiuzheng/Documents/mvn_localrepo/com/fasterxml/classmate/1.5.1/classmate-1.5.1.jar:/Users/xiuzheng/Documents/mvn_localrepo/com/auth0/java-jwt/4.4.0/java-jwt-4.4.0.jar:/Users/xiuzheng/Documents/mvn_localrepo/com/fasterxml/jackson/core/jackson-databind/2.15.2/jackson-databind-2.15.2.jar:/Users/xiuzheng/Documents/mvn_localrepo/com/fasterxml/jackson/core/jackson-annotations/2.15.2/jackson-annotations-2.15.2.jar:/Users/xiuzheng/Documents/mvn_localrepo/com/fasterxml/jackson/core/jackson-core/2.15.2/jackson-core-2.15.2.jar:/Users/xiuzheng/Documents/mvn_localrepo/org/springframework/boot/spring-boot-starter-test/3.1.3/spring-boot-starter-test-3.1.3.jar:/Users/xiuzheng/Documents/mvn_localrepo/org/springframework/boot/spring-boot-test/3.1.3/spring-boot-test-3.1.3.jar:/Users/xiuzheng/Documents/mvn_localrepo/org/springframework/boot/spring-boot-test-autoconfigure/3.1.3/spring-boot-test-autoconfigure-3.1.3.jar:/Users/xiuzheng/Documents/mvn_localrepo/com/jayway/jsonpath/json-path/2.8.0/json-path-2.8.0.jar:/Users/xiuzheng/Documents/mvn_localrepo/org/slf4j/slf4j-api/2.0.7/slf4j-api-2.0.7.jar:/Users/xiuzheng/Documents/mvn_localrepo/jakarta/xml/bind/jakarta.xml.bind-api/4.0.0/jakarta.xml.bind-api-4.0.0.jar:/Users/xiuzheng/Documents/mvn_localrepo/jakarta/activation/jakarta.activation-api/2.1.2/jakarta.activation-api-2.1.2.jar:/Users/xiuzheng/Documents/mvn_localrepo/net/minidev/json-smart/2.4.11/json-smart-2.4.11.jar:/Users/xiuzheng/Documents/mvn_localrepo/net/minidev/accessors-smart/2.4.11/accessors-smart-2.4.11.jar:/Users/xiuzheng/Documents/mvn_localrepo/org/ow2/asm/asm/9.3/asm-9.3.jar:/Users/xiuzheng/Documents/mvn_localrepo/org/assertj/assertj-core/3.24.2/assertj-core-3.24.2.jar:/Users/xiuzheng/Documents/mvn_localrepo/net/bytebuddy/byte-buddy/1.14.6/byte-buddy-1.14.6.jar:/Users/xiuzheng/Documents/mvn_localrepo/org/hamcrest/hamcrest/2.2/hamcrest-2.2.jar:/Users/xiuzheng/Documents/mvn_localrepo/org/junit/jupiter/junit-jupiter/5.9.3/junit-jupiter-5.9.3.jar:/Users/xiuzheng/Documents/mvn_localrepo/org/junit/jupiter/junit-jupiter-api/5.9.3/junit-jupiter-api-5.9.3.jar:/Users/xiuzheng/Documents/mvn_localrepo/org/opentest4j/opentest4j/1.2.0/opentest4j-1.2.0.jar:/Users/xiuzheng/Documents/mvn_localrepo/org/junit/platform/junit-platform-commons/1.9.3/junit-platform-commons-1.9.3.jar:/Users/xiuzheng/Documents/mvn_localrepo/org/apiguardian/apiguardian-api/1.1.2/apiguardian-api-1.1.2.jar:/Users/xiuzheng/Documents/mvn_localrepo/org/junit/jupiter/junit-jupiter-params/5.9.3/junit-jupiter-params-5.9.3.jar:/Users/xiuzheng/Documents/mvn_localrepo/org/junit/jupiter/junit-jupiter-engine/5.9.3/junit-jupiter-engine-5.9.3.jar:/Users/xiuzheng/Documents/mvn_localrepo/org/junit/platform/junit-platform-engine/1.9.3/junit-platform-engine-1.9.3.jar:/Users/xiuzheng/Documents/mvn_localrepo/org/mockito/mockito-core/5.3.1/mockito-core-5.3.1.jar:/Users/xiuzheng/Documents/mvn_localrepo/net/bytebuddy/byte-buddy-agent/1.14.6/byte-buddy-agent-1.14.6.jar:/Users/xiuzheng/Documents/mvn_localrepo/org/objenesis/objenesis/3.3/objenesis-3.3.jar:/Users/xiuzheng/Documents/mvn_localrepo/org/mockito/mockito-junit-jupiter/5.3.1/mockito-junit-jupiter-5.3.1.jar:/Users/xiuzheng/Documents/mvn_localrepo/org/skyscreamer/jsonassert/1.5.1/jsonassert-1.5.1.jar:/Users/xiuzheng/Documents/mvn_localrepo/com/vaadin/external/google/android-json/0.0.20131108.vaadin1/android-json-0.0.20131108.vaadin1.jar:/Users/xiuzheng/Documents/mvn_localrepo/org/springframework/spring-core/6.0.11/spring-core-6.0.11.jar:/Users/xiuzheng/Documents/mvn_localrepo/org/springframework/spring-jcl/6.0.11/spring-jcl-6.0.11.jar:/Users/xiuzheng/Documents/mvn_localrepo/org/springframework/spring-test/6.0.11/spring-test-6.0.11.jar:/Users/xiuzheng/Documents/mvn_localrepo/org/xmlunit/xmlunit-core/2.9.1/xmlunit-core-2.9.1.jar:/Users/xiuzheng/Documents/mvn_localrepo/com/github/pagehelper/pagehelper-spring-boot-starter/1.4.6/pagehelper-spring-boot-starter-1.4.6.jar:/Users/xiuzheng/Documents/mvn_localrepo/com/github/pagehelper/pagehelper-spring-boot-autoconfigure/1.4.6/pagehelper-spring-boot-autoconfigure-1.4.6.jar:/Users/xiuzheng/Documents/mvn_localrepo/com/github/pagehelper/pagehelper/5.3.2/pagehelper-5.3.2.jar:/Users/xiuzheng/Documents/mvn_localrepo/com/github/jsqlparser/jsqlparser/4.5/jsqlparser-4.5.jar:/Users/xiuzheng/Documents/mvn_localrepo/com/aliyun/oss/aliyun-sdk-oss/3.15.1/aliyun-sdk-oss-3.15.1.jar:/Users/xiuzheng/Documents/mvn_localrepo/org/apache/httpcomponents/httpclient/4.4.1/httpclient-4.4.1.jar:/Users/xiuzheng/Documents/mvn_localrepo/org/apache/httpcomponents/httpcore/4.4.16/httpcore-4.4.16.jar:/Users/xiuzheng/Documents/mvn_localrepo/commons-logging/commons-logging/1.2/commons-logging-1.2.jar:/Users/xiuzheng/Documents/mvn_localrepo/commons-codec/commons-codec/1.15/commons-codec-1.15.jar:/Users/xiuzheng/Documents/mvn_localrepo/org/jdom/jdom2/2.0.6.1/jdom2-2.0.6.1.jar:/Users/xiuzheng/Documents/mvn_localrepo/org/codehaus/jettison/jettison/1.1/jettison-1.1.jar:/Users/xiuzheng/Documents/mvn_localrepo/stax/stax-api/1.0.1/stax-api-1.0.1.jar:/Users/xiuzheng/Documents/mvn_localrepo/com/aliyun/aliyun-java-sdk-core/4.5.10/aliyun-java-sdk-core-4.5.10.jar:/Users/xiuzheng/Documents/mvn_localrepo/com/google/code/gson/gson/2.10.1/gson-2.10.1.jar:/Users/xiuzheng/Documents/mvn_localrepo/org/jacoco/org.jacoco.agent/0.8.5/org.jacoco.agent-0.8.5-runtime.jar:/Users/xiuzheng/Documents/mvn_localrepo/org/ini4j/ini4j/0.5.4/ini4j-0.5.4.jar:/Users/xiuzheng/Documents/mvn_localrepo/io/opentracing/opentracing-api/0.33.0/opentracing-api-0.33.0.jar:/Users/xiuzheng/Documents/mvn_localrepo/io/opentracing/opentracing-util/0.33.0/opentracing-util-0.33.0.jar:/Users/xiuzheng/Documents/mvn_localrepo/io/opentracing/opentracing-noop/0.33.0/opentracing-noop-0.33.0.jar:/Users/xiuzheng/Documents/mvn_localrepo/com/aliyun/aliyun-java-sdk-ram/3.1.0/aliyun-java-sdk-ram-3.1.0.jar:/Users/xiuzheng/Documents/mvn_localrepo/com/aliyun/aliyun-java-sdk-kms/2.11.0/aliyun-java-sdk-kms-2.11.0.jar:/Users/xiuzheng/Documents/mvn_localrepo/javax/xml/bind/jaxb-api/2.3.1/jaxb-api-2.3.1.jar:/Users/xiuzheng/Documents/mvn_localrepo/javax/activation/javax.activation-api/1.2.0/javax.activation-api-1.2.0.jar:/Users/xiuzheng/Documents/mvn_localrepo/javax/activation/activation/1.1.1/activation-1.1.1.jar:/Users/xiuzheng/Documents/mvn_localrepo/org/glassfish/jaxb/jaxb-runtime/2.3.3/jaxb-runtime-2.3.3.jar:/Users/xiuzheng/Documents/mvn_localrepo/org/glassfish/jaxb/txw2/4.0.3/txw2-4.0.3.jar:/Users/xiuzheng/Documents/mvn_localrepo/com/sun/istack/istack-commons-runtime/4.1.2/istack-commons-runtime-4.1.2.jar:/Users/xiuzheng/Documents/mvn_localrepo/com/sun/activation/jakarta.activation/1.2.2/jakarta.activation-1.2.2.jar:/Users/xiuzheng/Documents/mvn_localrepo/org/springframework/boot/spring-boot-starter-data-redis/3.1.3/spring-boot-starter-data-redis-3.1.3.jar:/Users/xiuzheng/Documents/mvn_localrepo/org/springframework/data/spring-data-redis/3.1.3/spring-data-redis-3.1.3.jar:/Users/xiuzheng/Documents/mvn_localrepo/org/springframework/data/spring-data-keyvalue/3.1.3/spring-data-keyvalue-3.1.3.jar:/Users/xiuzheng/Documents/mvn_localrepo/org/springframework/data/spring-data-commons/3.1.3/spring-data-commons-3.1.3.jar:/Users/xiuzheng/Documents/mvn_localrepo/org/springframework/spring-tx/6.0.11/spring-tx-6.0.11.jar:/Users/xiuzheng/Documents/mvn_localrepo/org/springframework/spring-oxm/6.0.11/spring-oxm-6.0.11.jar:/Users/xiuzheng/Documents/mvn_localrepo/org/springframework/spring-context-support/6.0.11/spring-context-support-6.0.11.jar:/Users/xiuzheng/Documents/mvn_localrepo/io/lettuce/lettuce-core/6.2.6.RELEASE/lettuce-core-6.2.6.RELEASE.jar:/Users/xiuzheng/Documents/mvn_localrepo/io/netty/netty-common/4.1.97.Final/netty-common-4.1.97.Final.jar:/Users/xiuzheng/Documents/mvn_localrepo/io/netty/netty-handler/4.1.97.Final/netty-handler-4.1.97.Final.jar:/Users/xiuzheng/Documents/mvn_localrepo/io/netty/netty-resolver/4.1.97.Final/netty-resolver-4.1.97.Final.jar:/Users/xiuzheng/Documents/mvn_localrepo/io/netty/netty-buffer/4.1.97.Final/netty-buffer-4.1.97.Final.jar:/Users/xiuzheng/Documents/mvn_localrepo/io/netty/netty-transport-native-unix-common/4.1.97.Final/netty-transport-native-unix-common-4.1.97.Final.jar:/Users/xiuzheng/Documents/mvn_localrepo/io/netty/netty-codec/4.1.97.Final/netty-codec-4.1.97.Final.jar:/Users/xiuzheng/Documents/mvn_localrepo/io/netty/netty-transport/4.1.97.Final/netty-transport-4.1.97.Final.jar:/Users/xiuzheng/Documents/mvn_localrepo/io/projectreactor/reactor-core/3.5.9/reactor-core-3.5.9.jar:/Users/xiuzheng/Documents/mvn_localrepo/org/reactivestreams/reactive-streams/1.0.4/reactive-streams-1.0.4.jar:/Users/xiuzheng/Documents/mvn_localrepo/org/apache/maven/plugins/maven-surefire-plugin/2.22.2/maven-surefire-plugin-2.22.2.jar:/Users/xiuzheng/Documents/mvn_localrepo/org/apache/maven/surefire/maven-surefire-common/2.22.2/maven-surefire-common-2.22.2.jar:/Users/xiuzheng/Documents/mvn_localrepo/org/apache/maven/maven-plugin-api/2.2.1/maven-plugin-api-2.2.1.jar:/Users/xiuzheng/Documents/mvn_localrepo/org/apache/maven/plugin-tools/maven-plugin-annotations/3.6.4/maven-plugin-annotations-3.6.4.jar:/Users/xiuzheng/Documents/mvn_localrepo/org/apache/maven/surefire/surefire-api/2.22.2/surefire-api-2.22.2.jar:/Users/xiuzheng/Documents/mvn_localrepo/org/apache/maven/surefire/surefire-logger-api/2.22.2/surefire-logger-api-2.22.2.jar:/Users/xiuzheng/Documents/mvn_localrepo/org/apache/maven/surefire/surefire-booter/2.22.2/surefire-booter-2.22.2.jar:/Users/xiuzheng/Documents/mvn_localrepo/org/apache/maven/maven-artifact/2.2.1/maven-artifact-2.2.1.jar:/Users/xiuzheng/Documents/mvn_localrepo/org/codehaus/plexus/plexus-utils/1.5.15/plexus-utils-1.5.15.jar:/Users/xiuzheng/Documents/mvn_localrepo/org/apache/maven/maven-plugin-descriptor/2.2.1/maven-plugin-descriptor-2.2.1.jar:/Users/xiuzheng/Documents/mvn_localrepo/org/codehaus/plexus/plexus-container-default/1.0-alpha-9-stable-1/plexus-container-default-1.0-alpha-9-stable-1.jar:/Users/xiuzheng/Documents/mvn_localrepo/junit/junit/4.13.2/junit-4.13.2.jar:/Users/xiuzheng/Documents/mvn_localrepo/org/hamcrest/hamcrest-core/2.2/hamcrest-core-2.2.jar:/Users/xiuzheng/Documents/mvn_localrepo/org/apache/maven/maven-project/2.2.1/maven-project-2.2.1.jar:/Users/xiuzheng/Documents/mvn_localrepo/org/apache/maven/maven-settings/2.2.1/maven-settings-2.2.1.jar:/Users/xiuzheng/Documents/mvn_localrepo/org/apache/maven/maven-profile/2.2.1/maven-profile-2.2.1.jar:/Users/xiuzheng/Documents/mvn_localrepo/org/apache/maven/maven-artifact-manager/2.2.1/maven-artifact-manager-2.2.1.jar:/Users/xiuzheng/Documents/mvn_localrepo/backport-util-concurrent/backport-util-concurrent/3.1/backport-util-concurrent-3.1.jar:/Users/xiuzheng/Documents/mvn_localrepo/org/apache/maven/maven-plugin-registry/2.2.1/maven-plugin-registry-2.2.1.jar:/Users/xiuzheng/Documents/mvn_localrepo/org/codehaus/plexus/plexus-interpolation/1.11/plexus-interpolation-1.11.jar:/Users/xiuzheng/Documents/mvn_localrepo/org/apache/maven/maven-model/2.2.1/maven-model-2.2.1.jar:/Users/xiuzheng/Documents/mvn_localrepo/org/apache/maven/maven-core/2.2.1/maven-core-2.2.1.jar:/Users/xiuzheng/Documents/mvn_localrepo/org/apache/maven/maven-plugin-parameter-documenter/2.2.1/maven-plugin-parameter-documenter-2.2.1.jar:/Users/xiuzheng/Documents/mvn_localrepo/org/apache/maven/wagon/wagon-http/1.0-beta-6/wagon-http-1.0-beta-6.jar:/Users/xiuzheng/Documents/mvn_localrepo/org/apache/maven/wagon/wagon-http-shared/1.0-beta-6/wagon-http-shared-1.0-beta-6.jar:/Users/xiuzheng/Documents/mvn_localrepo/nekohtml/xercesMinimal/1.9.6.2/xercesMinimal-1.9.6.2.jar:/Users/xiuzheng/Documents/mvn_localrepo/nekohtml/nekohtml/1.9.6.2/nekohtml-1.9.6.2.jar:/Users/xiuzheng/Documents/mvn_localrepo/commons-httpclient/commons-httpclient/3.1/commons-httpclient-3.1.jar:/Users/xiuzheng/Documents/mvn_localrepo/org/apache/maven/wagon/wagon-webdav-jackrabbit/1.0-beta-6/wagon-webdav-jackrabbit-1.0-beta-6.jar:/Users/xiuzheng/Documents/mvn_localrepo/org/apache/jackrabbit/jackrabbit-webdav/1.5.0/jackrabbit-webdav-1.5.0.jar:/Users/xiuzheng/Documents/mvn_localrepo/org/apache/jackrabbit/jackrabbit-jcr-commons/1.5.0/jackrabbit-jcr-commons-1.5.0.jar:/Users/xiuzheng/Documents/mvn_localrepo/org/slf4j/slf4j-nop/2.0.7/slf4j-nop-2.0.7.jar:/Users/xiuzheng/Documents/mvn_localrepo/org/slf4j/slf4j-jdk14/2.0.7/slf4j-jdk14-2.0.7.jar:/Users/xiuzheng/Documents/mvn_localrepo/org/slf4j/jcl-over-slf4j/2.0.7/jcl-over-slf4j-2.0.7.jar:/Users/xiuzheng/Documents/mvn_localrepo/org/apache/maven/reporting/maven-reporting-api/2.2.1/maven-reporting-api-2.2.1.jar:/Users/xiuzheng/Documents/mvn_localrepo/org/apache/maven/doxia/doxia-logging-api/1.1/doxia-logging-api-1.1.jar:/Users/xiuzheng/Documents/mvn_localrepo/org/apache/maven/wagon/wagon-provider-api/1.0-beta-6/wagon-provider-api-1.0-beta-6.jar:/Users/xiuzheng/Documents/mvn_localrepo/org/apache/maven/maven-repository-metadata/2.2.1/maven-repository-metadata-2.2.1.jar:/Users/xiuzheng/Documents/mvn_localrepo/org/apache/maven/maven-error-diagnostics/2.2.1/maven-error-diagnostics-2.2.1.jar:/Users/xiuzheng/Documents/mvn_localrepo/org/apache/maven/maven-monitor/2.2.1/maven-monitor-2.2.1.jar:/Users/xiuzheng/Documents/mvn_localrepo/classworlds/classworlds/1.1/classworlds-1.1.jar:/Users/xiuzheng/Documents/mvn_localrepo/org/sonatype/plexus/plexus-sec-dispatcher/1.3/plexus-sec-dispatcher-1.3.jar:/Users/xiuzheng/Documents/mvn_localrepo/org/sonatype/plexus/plexus-cipher/1.4/plexus-cipher-1.4.jar:/Users/xiuzheng/Documents/mvn_localrepo/org/apache/maven/maven-toolchain/2.2.1/maven-toolchain-2.2.1.jar:/Users/xiuzheng/Documents/mvn_localrepo/org/codehaus/plexus/plexus-java/0.9.10/plexus-java-0.9.10.jar:/Users/xiuzheng/Documents/mvn_localrepo/com/thoughtworks/qdox/qdox/2.0-M8/qdox-2.0-M8.jar:"/>
    <property name="https.proxyPort" value="33210"/>
    <property name="java.vm.vendor" value="Oracle Corporation"/>
    <property name="sun.arch.data.model" value="64"/>
    <property name="java.vendor.url" value="https://java.oracle.com/"/>
    <property name="user.timezone" value="Asia/Shanghai"/>
    <property name="org.jboss.logging.provider" value="slf4j"/>
    <property name="os.name" value="Mac OS X"/>
    <property name="java.vm.specification.version" value="17"/>
    <property name="sun.java.launcher" value="SUN_STANDARD"/>
    <property name="user.country" value="CN"/>
    <property name="sun.boot.library.path" value="/Library/Java/JavaVirtualMachines/jdk-17.jdk/Contents/Home/lib"/>
    <property name="sun.java.command" value="/Users/xiuzheng/IdeaProjects/web-all/big-event/target/surefire/surefirebooter-20241127153157524_3.jar /Users/xiuzheng/IdeaProjects/web-all/big-event/target/surefire 2024-11-27T15-31-57_475-jvmRun1 surefire-20241127153157524_1tmp surefire_0-20241127153157524_2tmp"/>
    <property name="jdk.debug" value="release"/>
    <property name="surefire.test.class.path" value="/Users/xiuzheng/IdeaProjects/web-all/big-event/target/test-classes:/Users/xiuzheng/IdeaProjects/web-all/big-event/target/classes:/Users/xiuzheng/Documents/mvn_localrepo/org/springframework/boot/spring-boot-starter-web/3.1.3/spring-boot-starter-web-3.1.3.jar:/Users/xiuzheng/Documents/mvn_localrepo/org/springframework/boot/spring-boot-starter/3.1.3/spring-boot-starter-3.1.3.jar:/Users/xiuzheng/Documents/mvn_localrepo/org/springframework/boot/spring-boot/3.1.3/spring-boot-3.1.3.jar:/Users/xiuzheng/Documents/mvn_localrepo/org/springframework/boot/spring-boot-autoconfigure/3.1.3/spring-boot-autoconfigure-3.1.3.jar:/Users/xiuzheng/Documents/mvn_localrepo/org/springframework/boot/spring-boot-starter-logging/3.1.3/spring-boot-starter-logging-3.1.3.jar:/Users/xiuzheng/Documents/mvn_localrepo/ch/qos/logback/logback-classic/1.4.11/logback-classic-1.4.11.jar:/Users/xiuzheng/Documents/mvn_localrepo/ch/qos/logback/logback-core/1.4.11/logback-core-1.4.11.jar:/Users/xiuzheng/Documents/mvn_localrepo/org/apache/logging/log4j/log4j-to-slf4j/2.20.0/log4j-to-slf4j-2.20.0.jar:/Users/xiuzheng/Documents/mvn_localrepo/org/apache/logging/log4j/log4j-api/2.20.0/log4j-api-2.20.0.jar:/Users/xiuzheng/Documents/mvn_localrepo/org/slf4j/jul-to-slf4j/2.0.7/jul-to-slf4j-2.0.7.jar:/Users/xiuzheng/Documents/mvn_localrepo/jakarta/annotation/jakarta.annotation-api/2.1.1/jakarta.annotation-api-2.1.1.jar:/Users/xiuzheng/Documents/mvn_localrepo/org/yaml/snakeyaml/1.33/snakeyaml-1.33.jar:/Users/xiuzheng/Documents/mvn_localrepo/org/springframework/boot/spring-boot-starter-json/3.1.3/spring-boot-starter-json-3.1.3.jar:/Users/xiuzheng/Documents/mvn_localrepo/com/fasterxml/jackson/datatype/jackson-datatype-jdk8/2.15.2/jackson-datatype-jdk8-2.15.2.jar:/Users/xiuzheng/Documents/mvn_localrepo/com/fasterxml/jackson/datatype/jackson-datatype-jsr310/2.15.2/jackson-datatype-jsr310-2.15.2.jar:/Users/xiuzheng/Documents/mvn_localrepo/com/fasterxml/jackson/module/jackson-module-parameter-names/2.15.2/jackson-module-parameter-names-2.15.2.jar:/Users/xiuzheng/Documents/mvn_localrepo/org/springframework/boot/spring-boot-starter-tomcat/3.1.3/spring-boot-starter-tomcat-3.1.3.jar:/Users/xiuzheng/Documents/mvn_localrepo/org/apache/tomcat/embed/tomcat-embed-core/10.1.12/tomcat-embed-core-10.1.12.jar:/Users/xiuzheng/Documents/mvn_localrepo/org/apache/tomcat/embed/tomcat-embed-websocket/10.1.12/tomcat-embed-websocket-10.1.12.jar:/Users/xiuzheng/Documents/mvn_localrepo/org/springframework/spring-web/6.0.11/spring-web-6.0.11.jar:/Users/xiuzheng/Documents/mvn_localrepo/org/springframework/spring-beans/6.0.11/spring-beans-6.0.11.jar:/Users/xiuzheng/Documents/mvn_localrepo/io/micrometer/micrometer-observation/1.11.3/micrometer-observation-1.11.3.jar:/Users/xiuzheng/Documents/mvn_localrepo/io/micrometer/micrometer-commons/1.11.3/micrometer-commons-1.11.3.jar:/Users/xiuzheng/Documents/mvn_localrepo/org/springframework/spring-webmvc/6.0.11/spring-webmvc-6.0.11.jar:/Users/xiuzheng/Documents/mvn_localrepo/org/springframework/spring-aop/6.0.11/spring-aop-6.0.11.jar:/Users/xiuzheng/Documents/mvn_localrepo/org/springframework/spring-context/6.0.11/spring-context-6.0.11.jar:/Users/xiuzheng/Documents/mvn_localrepo/org/springframework/spring-expression/6.0.11/spring-expression-6.0.11.jar:/Users/xiuzheng/Documents/mvn_localrepo/org/mybatis/spring/boot/mybatis-spring-boot-starter/3.0.0/mybatis-spring-boot-starter-3.0.0.jar:/Users/xiuzheng/Documents/mvn_localrepo/org/springframework/boot/spring-boot-starter-jdbc/3.1.3/spring-boot-starter-jdbc-3.1.3.jar:/Users/xiuzheng/Documents/mvn_localrepo/com/zaxxer/HikariCP/5.0.1/HikariCP-5.0.1.jar:/Users/xiuzheng/Documents/mvn_localrepo/org/springframework/spring-jdbc/6.0.11/spring-jdbc-6.0.11.jar:/Users/xiuzheng/Documents/mvn_localrepo/org/mybatis/spring/boot/mybatis-spring-boot-autoconfigure/3.0.0/mybatis-spring-boot-autoconfigure-3.0.0.jar:/Users/xiuzheng/Documents/mvn_localrepo/org/mybatis/mybatis/3.5.11/mybatis-3.5.11.jar:/Users/xiuzheng/Documents/mvn_localrepo/org/mybatis/mybatis-spring/3.0.0/mybatis-spring-3.0.0.jar:/Users/xiuzheng/Documents/mvn_localrepo/com/mysql/mysql-connector-j/8.0.33/mysql-connector-j-8.0.33.jar:/Users/xiuzheng/Documents/mvn_localrepo/org/projectlombok/lombok/1.18.28/lombok-1.18.28.jar:/Users/xiuzheng/Documents/mvn_localrepo/org/springframework/boot/spring-boot-starter-validation/3.1.3/spring-boot-starter-validation-3.1.3.jar:/Users/xiuzheng/Documents/mvn_localrepo/org/apache/tomcat/embed/tomcat-embed-el/10.1.12/tomcat-embed-el-10.1.12.jar:/Users/xiuzheng/Documents/mvn_localrepo/org/hibernate/validator/hibernate-validator/8.0.1.Final/hibernate-validator-8.0.1.Final.jar:/Users/xiuzheng/Documents/mvn_localrepo/jakarta/validation/jakarta.validation-api/3.0.2/jakarta.validation-api-3.0.2.jar:/Users/xiuzheng/Documents/mvn_localrepo/org/jboss/logging/jboss-logging/3.5.3.Final/jboss-logging-3.5.3.Final.jar:/Users/xiuzheng/Documents/mvn_localrepo/com/fasterxml/classmate/1.5.1/classmate-1.5.1.jar:/Users/xiuzheng/Documents/mvn_localrepo/com/auth0/java-jwt/4.4.0/java-jwt-4.4.0.jar:/Users/xiuzheng/Documents/mvn_localrepo/com/fasterxml/jackson/core/jackson-databind/2.15.2/jackson-databind-2.15.2.jar:/Users/xiuzheng/Documents/mvn_localrepo/com/fasterxml/jackson/core/jackson-annotations/2.15.2/jackson-annotations-2.15.2.jar:/Users/xiuzheng/Documents/mvn_localrepo/com/fasterxml/jackson/core/jackson-core/2.15.2/jackson-core-2.15.2.jar:/Users/xiuzheng/Documents/mvn_localrepo/org/springframework/boot/spring-boot-starter-test/3.1.3/spring-boot-starter-test-3.1.3.jar:/Users/xiuzheng/Documents/mvn_localrepo/org/springframework/boot/spring-boot-test/3.1.3/spring-boot-test-3.1.3.jar:/Users/xiuzheng/Documents/mvn_localrepo/org/springframework/boot/spring-boot-test-autoconfigure/3.1.3/spring-boot-test-autoconfigure-3.1.3.jar:/Users/xiuzheng/Documents/mvn_localrepo/com/jayway/jsonpath/json-path/2.8.0/json-path-2.8.0.jar:/Users/xiuzheng/Documents/mvn_localrepo/org/slf4j/slf4j-api/2.0.7/slf4j-api-2.0.7.jar:/Users/xiuzheng/Documents/mvn_localrepo/jakarta/xml/bind/jakarta.xml.bind-api/4.0.0/jakarta.xml.bind-api-4.0.0.jar:/Users/xiuzheng/Documents/mvn_localrepo/jakarta/activation/jakarta.activation-api/2.1.2/jakarta.activation-api-2.1.2.jar:/Users/xiuzheng/Documents/mvn_localrepo/net/minidev/json-smart/2.4.11/json-smart-2.4.11.jar:/Users/xiuzheng/Documents/mvn_localrepo/net/minidev/accessors-smart/2.4.11/accessors-smart-2.4.11.jar:/Users/xiuzheng/Documents/mvn_localrepo/org/ow2/asm/asm/9.3/asm-9.3.jar:/Users/xiuzheng/Documents/mvn_localrepo/org/assertj/assertj-core/3.24.2/assertj-core-3.24.2.jar:/Users/xiuzheng/Documents/mvn_localrepo/net/bytebuddy/byte-buddy/1.14.6/byte-buddy-1.14.6.jar:/Users/xiuzheng/Documents/mvn_localrepo/org/hamcrest/hamcrest/2.2/hamcrest-2.2.jar:/Users/xiuzheng/Documents/mvn_localrepo/org/junit/jupiter/junit-jupiter/5.9.3/junit-jupiter-5.9.3.jar:/Users/xiuzheng/Documents/mvn_localrepo/org/junit/jupiter/junit-jupiter-api/5.9.3/junit-jupiter-api-5.9.3.jar:/Users/xiuzheng/Documents/mvn_localrepo/org/opentest4j/opentest4j/1.2.0/opentest4j-1.2.0.jar:/Users/xiuzheng/Documents/mvn_localrepo/org/junit/platform/junit-platform-commons/1.9.3/junit-platform-commons-1.9.3.jar:/Users/xiuzheng/Documents/mvn_localrepo/org/apiguardian/apiguardian-api/1.1.2/apiguardian-api-1.1.2.jar:/Users/xiuzheng/Documents/mvn_localrepo/org/junit/jupiter/junit-jupiter-params/5.9.3/junit-jupiter-params-5.9.3.jar:/Users/xiuzheng/Documents/mvn_localrepo/org/junit/jupiter/junit-jupiter-engine/5.9.3/junit-jupiter-engine-5.9.3.jar:/Users/xiuzheng/Documents/mvn_localrepo/org/junit/platform/junit-platform-engine/1.9.3/junit-platform-engine-1.9.3.jar:/Users/xiuzheng/Documents/mvn_localrepo/org/mockito/mockito-core/5.3.1/mockito-core-5.3.1.jar:/Users/xiuzheng/Documents/mvn_localrepo/net/bytebuddy/byte-buddy-agent/1.14.6/byte-buddy-agent-1.14.6.jar:/Users/xiuzheng/Documents/mvn_localrepo/org/objenesis/objenesis/3.3/objenesis-3.3.jar:/Users/xiuzheng/Documents/mvn_localrepo/org/mockito/mockito-junit-jupiter/5.3.1/mockito-junit-jupiter-5.3.1.jar:/Users/xiuzheng/Documents/mvn_localrepo/org/skyscreamer/jsonassert/1.5.1/jsonassert-1.5.1.jar:/Users/xiuzheng/Documents/mvn_localrepo/com/vaadin/external/google/android-json/0.0.20131108.vaadin1/android-json-0.0.20131108.vaadin1.jar:/Users/xiuzheng/Documents/mvn_localrepo/org/springframework/spring-core/6.0.11/spring-core-6.0.11.jar:/Users/xiuzheng/Documents/mvn_localrepo/org/springframework/spring-jcl/6.0.11/spring-jcl-6.0.11.jar:/Users/xiuzheng/Documents/mvn_localrepo/org/springframework/spring-test/6.0.11/spring-test-6.0.11.jar:/Users/xiuzheng/Documents/mvn_localrepo/org/xmlunit/xmlunit-core/2.9.1/xmlunit-core-2.9.1.jar:/Users/xiuzheng/Documents/mvn_localrepo/com/github/pagehelper/pagehelper-spring-boot-starter/1.4.6/pagehelper-spring-boot-starter-1.4.6.jar:/Users/xiuzheng/Documents/mvn_localrepo/com/github/pagehelper/pagehelper-spring-boot-autoconfigure/1.4.6/pagehelper-spring-boot-autoconfigure-1.4.6.jar:/Users/xiuzheng/Documents/mvn_localrepo/com/github/pagehelper/pagehelper/5.3.2/pagehelper-5.3.2.jar:/Users/xiuzheng/Documents/mvn_localrepo/com/github/jsqlparser/jsqlparser/4.5/jsqlparser-4.5.jar:/Users/xiuzheng/Documents/mvn_localrepo/com/aliyun/oss/aliyun-sdk-oss/3.15.1/aliyun-sdk-oss-3.15.1.jar:/Users/xiuzheng/Documents/mvn_localrepo/org/apache/httpcomponents/httpclient/4.4.1/httpclient-4.4.1.jar:/Users/xiuzheng/Documents/mvn_localrepo/org/apache/httpcomponents/httpcore/4.4.16/httpcore-4.4.16.jar:/Users/xiuzheng/Documents/mvn_localrepo/commons-logging/commons-logging/1.2/commons-logging-1.2.jar:/Users/xiuzheng/Documents/mvn_localrepo/commons-codec/commons-codec/1.15/commons-codec-1.15.jar:/Users/xiuzheng/Documents/mvn_localrepo/org/jdom/jdom2/2.0.6.1/jdom2-2.0.6.1.jar:/Users/xiuzheng/Documents/mvn_localrepo/org/codehaus/jettison/jettison/1.1/jettison-1.1.jar:/Users/xiuzheng/Documents/mvn_localrepo/stax/stax-api/1.0.1/stax-api-1.0.1.jar:/Users/xiuzheng/Documents/mvn_localrepo/com/aliyun/aliyun-java-sdk-core/4.5.10/aliyun-java-sdk-core-4.5.10.jar:/Users/xiuzheng/Documents/mvn_localrepo/com/google/code/gson/gson/2.10.1/gson-2.10.1.jar:/Users/xiuzheng/Documents/mvn_localrepo/org/jacoco/org.jacoco.agent/0.8.5/org.jacoco.agent-0.8.5-runtime.jar:/Users/xiuzheng/Documents/mvn_localrepo/org/ini4j/ini4j/0.5.4/ini4j-0.5.4.jar:/Users/xiuzheng/Documents/mvn_localrepo/io/opentracing/opentracing-api/0.33.0/opentracing-api-0.33.0.jar:/Users/xiuzheng/Documents/mvn_localrepo/io/opentracing/opentracing-util/0.33.0/opentracing-util-0.33.0.jar:/Users/xiuzheng/Documents/mvn_localrepo/io/opentracing/opentracing-noop/0.33.0/opentracing-noop-0.33.0.jar:/Users/xiuzheng/Documents/mvn_localrepo/com/aliyun/aliyun-java-sdk-ram/3.1.0/aliyun-java-sdk-ram-3.1.0.jar:/Users/xiuzheng/Documents/mvn_localrepo/com/aliyun/aliyun-java-sdk-kms/2.11.0/aliyun-java-sdk-kms-2.11.0.jar:/Users/xiuzheng/Documents/mvn_localrepo/javax/xml/bind/jaxb-api/2.3.1/jaxb-api-2.3.1.jar:/Users/xiuzheng/Documents/mvn_localrepo/javax/activation/javax.activation-api/1.2.0/javax.activation-api-1.2.0.jar:/Users/xiuzheng/Documents/mvn_localrepo/javax/activation/activation/1.1.1/activation-1.1.1.jar:/Users/xiuzheng/Documents/mvn_localrepo/org/glassfish/jaxb/jaxb-runtime/2.3.3/jaxb-runtime-2.3.3.jar:/Users/xiuzheng/Documents/mvn_localrepo/org/glassfish/jaxb/txw2/4.0.3/txw2-4.0.3.jar:/Users/xiuzheng/Documents/mvn_localrepo/com/sun/istack/istack-commons-runtime/4.1.2/istack-commons-runtime-4.1.2.jar:/Users/xiuzheng/Documents/mvn_localrepo/com/sun/activation/jakarta.activation/1.2.2/jakarta.activation-1.2.2.jar:/Users/xiuzheng/Documents/mvn_localrepo/org/springframework/boot/spring-boot-starter-data-redis/3.1.3/spring-boot-starter-data-redis-3.1.3.jar:/Users/xiuzheng/Documents/mvn_localrepo/org/springframework/data/spring-data-redis/3.1.3/spring-data-redis-3.1.3.jar:/Users/xiuzheng/Documents/mvn_localrepo/org/springframework/data/spring-data-keyvalue/3.1.3/spring-data-keyvalue-3.1.3.jar:/Users/xiuzheng/Documents/mvn_localrepo/org/springframework/data/spring-data-commons/3.1.3/spring-data-commons-3.1.3.jar:/Users/xiuzheng/Documents/mvn_localrepo/org/springframework/spring-tx/6.0.11/spring-tx-6.0.11.jar:/Users/xiuzheng/Documents/mvn_localrepo/org/springframework/spring-oxm/6.0.11/spring-oxm-6.0.11.jar:/Users/xiuzheng/Documents/mvn_localrepo/org/springframework/spring-context-support/6.0.11/spring-context-support-6.0.11.jar:/Users/xiuzheng/Documents/mvn_localrepo/io/lettuce/lettuce-core/6.2.6.RELEASE/lettuce-core-6.2.6.RELEASE.jar:/Users/xiuzheng/Documents/mvn_localrepo/io/netty/netty-common/4.1.97.Final/netty-common-4.1.97.Final.jar:/Users/xiuzheng/Documents/mvn_localrepo/io/netty/netty-handler/4.1.97.Final/netty-handler-4.1.97.Final.jar:/Users/xiuzheng/Documents/mvn_localrepo/io/netty/netty-resolver/4.1.97.Final/netty-resolver-4.1.97.Final.jar:/Users/xiuzheng/Documents/mvn_localrepo/io/netty/netty-buffer/4.1.97.Final/netty-buffer-4.1.97.Final.jar:/Users/xiuzheng/Documents/mvn_localrepo/io/netty/netty-transport-native-unix-common/4.1.97.Final/netty-transport-native-unix-common-4.1.97.Final.jar:/Users/xiuzheng/Documents/mvn_localrepo/io/netty/netty-codec/4.1.97.Final/netty-codec-4.1.97.Final.jar:/Users/xiuzheng/Documents/mvn_localrepo/io/netty/netty-transport/4.1.97.Final/netty-transport-4.1.97.Final.jar:/Users/xiuzheng/Documents/mvn_localrepo/io/projectreactor/reactor-core/3.5.9/reactor-core-3.5.9.jar:/Users/xiuzheng/Documents/mvn_localrepo/org/reactivestreams/reactive-streams/1.0.4/reactive-streams-1.0.4.jar:/Users/xiuzheng/Documents/mvn_localrepo/org/apache/maven/plugins/maven-surefire-plugin/2.22.2/maven-surefire-plugin-2.22.2.jar:/Users/xiuzheng/Documents/mvn_localrepo/org/apache/maven/surefire/maven-surefire-common/2.22.2/maven-surefire-common-2.22.2.jar:/Users/xiuzheng/Documents/mvn_localrepo/org/apache/maven/maven-plugin-api/2.2.1/maven-plugin-api-2.2.1.jar:/Users/xiuzheng/Documents/mvn_localrepo/org/apache/maven/plugin-tools/maven-plugin-annotations/3.6.4/maven-plugin-annotations-3.6.4.jar:/Users/xiuzheng/Documents/mvn_localrepo/org/apache/maven/surefire/surefire-api/2.22.2/surefire-api-2.22.2.jar:/Users/xiuzheng/Documents/mvn_localrepo/org/apache/maven/surefire/surefire-logger-api/2.22.2/surefire-logger-api-2.22.2.jar:/Users/xiuzheng/Documents/mvn_localrepo/org/apache/maven/surefire/surefire-booter/2.22.2/surefire-booter-2.22.2.jar:/Users/xiuzheng/Documents/mvn_localrepo/org/apache/maven/maven-artifact/2.2.1/maven-artifact-2.2.1.jar:/Users/xiuzheng/Documents/mvn_localrepo/org/codehaus/plexus/plexus-utils/1.5.15/plexus-utils-1.5.15.jar:/Users/xiuzheng/Documents/mvn_localrepo/org/apache/maven/maven-plugin-descriptor/2.2.1/maven-plugin-descriptor-2.2.1.jar:/Users/xiuzheng/Documents/mvn_localrepo/org/codehaus/plexus/plexus-container-default/1.0-alpha-9-stable-1/plexus-container-default-1.0-alpha-9-stable-1.jar:/Users/xiuzheng/Documents/mvn_localrepo/junit/junit/4.13.2/junit-4.13.2.jar:/Users/xiuzheng/Documents/mvn_localrepo/org/hamcrest/hamcrest-core/2.2/hamcrest-core-2.2.jar:/Users/xiuzheng/Documents/mvn_localrepo/org/apache/maven/maven-project/2.2.1/maven-project-2.2.1.jar:/Users/xiuzheng/Documents/mvn_localrepo/org/apache/maven/maven-settings/2.2.1/maven-settings-2.2.1.jar:/Users/xiuzheng/Documents/mvn_localrepo/org/apache/maven/maven-profile/2.2.1/maven-profile-2.2.1.jar:/Users/xiuzheng/Documents/mvn_localrepo/org/apache/maven/maven-artifact-manager/2.2.1/maven-artifact-manager-2.2.1.jar:/Users/xiuzheng/Documents/mvn_localrepo/backport-util-concurrent/backport-util-concurrent/3.1/backport-util-concurrent-3.1.jar:/Users/xiuzheng/Documents/mvn_localrepo/org/apache/maven/maven-plugin-registry/2.2.1/maven-plugin-registry-2.2.1.jar:/Users/xiuzheng/Documents/mvn_localrepo/org/codehaus/plexus/plexus-interpolation/1.11/plexus-interpolation-1.11.jar:/Users/xiuzheng/Documents/mvn_localrepo/org/apache/maven/maven-model/2.2.1/maven-model-2.2.1.jar:/Users/xiuzheng/Documents/mvn_localrepo/org/apache/maven/maven-core/2.2.1/maven-core-2.2.1.jar:/Users/xiuzheng/Documents/mvn_localrepo/org/apache/maven/maven-plugin-parameter-documenter/2.2.1/maven-plugin-parameter-documenter-2.2.1.jar:/Users/xiuzheng/Documents/mvn_localrepo/org/apache/maven/wagon/wagon-http/1.0-beta-6/wagon-http-1.0-beta-6.jar:/Users/xiuzheng/Documents/mvn_localrepo/org/apache/maven/wagon/wagon-http-shared/1.0-beta-6/wagon-http-shared-1.0-beta-6.jar:/Users/xiuzheng/Documents/mvn_localrepo/nekohtml/xercesMinimal/1.9.6.2/xercesMinimal-1.9.6.2.jar:/Users/xiuzheng/Documents/mvn_localrepo/nekohtml/nekohtml/1.9.6.2/nekohtml-1.9.6.2.jar:/Users/xiuzheng/Documents/mvn_localrepo/commons-httpclient/commons-httpclient/3.1/commons-httpclient-3.1.jar:/Users/xiuzheng/Documents/mvn_localrepo/org/apache/maven/wagon/wagon-webdav-jackrabbit/1.0-beta-6/wagon-webdav-jackrabbit-1.0-beta-6.jar:/Users/xiuzheng/Documents/mvn_localrepo/org/apache/jackrabbit/jackrabbit-webdav/1.5.0/jackrabbit-webdav-1.5.0.jar:/Users/xiuzheng/Documents/mvn_localrepo/org/apache/jackrabbit/jackrabbit-jcr-commons/1.5.0/jackrabbit-jcr-commons-1.5.0.jar:/Users/xiuzheng/Documents/mvn_localrepo/org/slf4j/slf4j-nop/2.0.7/slf4j-nop-2.0.7.jar:/Users/xiuzheng/Documents/mvn_localrepo/org/slf4j/slf4j-jdk14/2.0.7/slf4j-jdk14-2.0.7.jar:/Users/xiuzheng/Documents/mvn_localrepo/org/slf4j/jcl-over-slf4j/2.0.7/jcl-over-slf4j-2.0.7.jar:/Users/xiuzheng/Documents/mvn_localrepo/org/apache/maven/reporting/maven-reporting-api/2.2.1/maven-reporting-api-2.2.1.jar:/Users/xiuzheng/Documents/mvn_localrepo/org/apache/maven/doxia/doxia-logging-api/1.1/doxia-logging-api-1.1.jar:/Users/xiuzheng/Documents/mvn_localrepo/org/apache/maven/wagon/wagon-provider-api/1.0-beta-6/wagon-provider-api-1.0-beta-6.jar:/Users/xiuzheng/Documents/mvn_localrepo/org/apache/maven/maven-repository-metadata/2.2.1/maven-repository-metadata-2.2.1.jar:/Users/xiuzheng/Documents/mvn_localrepo/org/apache/maven/maven-error-diagnostics/2.2.1/maven-error-diagnostics-2.2.1.jar:/Users/xiuzheng/Documents/mvn_localrepo/org/apache/maven/maven-monitor/2.2.1/maven-monitor-2.2.1.jar:/Users/xiuzheng/Documents/mvn_localrepo/classworlds/classworlds/1.1/classworlds-1.1.jar:/Users/xiuzheng/Documents/mvn_localrepo/org/sonatype/plexus/plexus-sec-dispatcher/1.3/plexus-sec-dispatcher-1.3.jar:/Users/xiuzheng/Documents/mvn_localrepo/org/sonatype/plexus/plexus-cipher/1.4/plexus-cipher-1.4.jar:/Users/xiuzheng/Documents/mvn_localrepo/org/apache/maven/maven-toolchain/2.2.1/maven-toolchain-2.2.1.jar:/Users/xiuzheng/Documents/mvn_localrepo/org/codehaus/plexus/plexus-java/0.9.10/plexus-java-0.9.10.jar:/Users/xiuzheng/Documents/mvn_localrepo/com/thoughtworks/qdox/qdox/2.0-M8/qdox-2.0-M8.jar:"/>
    <property name="sun.cpu.endian" value="little"/>
    <property name="user.home" value="/Users/xiuzheng"/>
    <property name="user.language" value="zh"/>
    <property name="java.specification.vendor" value="Oracle Corporation"/>
    <property name="java.version.date" value="2024-04-16"/>
    <property name="java.home" value="/Library/Java/JavaVirtualMachines/jdk-17.jdk/Contents/Home"/>
    <property name="file.separator" value="/"/>
    <property name="https.proxyHost" value="127.0.0.1"/>
    <property name="basedir" value="/Users/xiuzheng/IdeaProjects/web-all/big-event"/>
    <property name="java.vm.compressedOopsMode" value="Zero based"/>
    <property name="line.separator" value="&#10;"/>
    <property name="java.vm.specification.vendor" value="Oracle Corporation"/>
    <property name="java.specification.name" value="Java Platform API Specification"/>
    <property name="FILE_LOG_CHARSET" value="UTF-8"/>
    <property name="java.awt.headless" value="true"/>
    <property name="surefire.real.class.path" value="/Users/xiuzheng/IdeaProjects/web-all/big-event/target/surefire/surefirebooter-20241127153157524_3.jar"/>
    <property name="user.script" value="Hans"/>
    <property name="sun.management.compiler" value="HotSpot 64-Bit Tiered Compilers"/>
    <property name="java.runtime.version" value="17.0.11+7-LTS-207"/>
    <property name="user.name" value="xiuzheng"/>
    <property name="path.separator" value=":"/>
    <property name="os.version" value="12.4"/>
    <property name="java.runtime.name" value="Java(TM) SE Runtime Environment"/>
    <property name="file.encoding" value="UTF-8"/>
    <property name="java.vm.name" value="Java HotSpot(TM) 64-Bit Server VM"/>
    <property name="localRepository" value="/Users/xiuzheng/Documents/mvn_localrepo"/>
    <property name="java.vendor.url.bug" value="https://bugreport.java.com/bugreport/"/>
    <property name="java.io.tmpdir" value="/var/folders/sy/0g9ytxls06l2xnpx991784cc0000gn/T/"/>
    <property name="idea.version" value="2024.1.3"/>
    <property name="java.version" value="17.0.11"/>
    <property name="user.dir" value="/Users/xiuzheng/IdeaProjects/web-all/big-event"/>
    <property name="os.arch" value="aarch64"/>
    <property name="socksProxyPort" value="33211"/>
    <property name="java.vm.specification.name" value="Java Virtual Machine Specification"/>
    <property name="PID" value="60139"/>
    <property name="CONSOLE_LOG_CHARSET" value="UTF-8"/>
    <property name="native.encoding" value="UTF-8"/>
    <property name="java.library.path" value="/Users/xiuzheng/Library/Java/Extensions:/Library/Java/Extensions:/Network/Library/Java/Extensions:/System/Library/Java/Extensions:/usr/lib/java:."/>
    <property name="java.vm.info" value="mixed mode, sharing"/>
    <property name="java.vendor" value="Oracle Corporation"/>
    <property name="java.vm.version" value="17.0.11+7-LTS-207"/>
    <property name="sun.io.unicode.encoding" value="UnicodeBig"/>
    <property name="java.class.version" value="61.0"/>
    <property name="http.proxyPort" value="33210"/>
  </properties>
  <testcase name="testThreadLocal" classname="com.spring.ThreadLocalTest" time="0.001">
    <system-out><![CDATA[蓝色xy
]]></system-out>
  </testcase>
</testsuite>